<?xml version="1.0" encoding="UTF-8"?>
<coverage generated="1664394348389" clover="3.2.0">
  <project timestamp="1664394348389" name="All files">
    <metrics statements="13" coveredstatements="13" conditionals="4" coveredconditionals="2" methods="4" coveredmethods="2" elements="21" coveredelements="17" complexity="0" loc="13" ncloc="13" packages="1" files="1" classes="1"/>
    <file name="index.tsx" path="/Users/victormiranda/CODE/devmemo/design-system/src/components/Typography/index.tsx">
      <metrics statements="13" coveredstatements="13" conditionals="4" coveredconditionals="2" methods="4" coveredmethods="2"/>
      <line num="1" count="1" type="cond" truecount="2" falsecount="0"/>
      <line num="2" count="1" type="stmt"/>
      <line num="3" count="1" type="stmt"/>
      <line num="4" count="1" type="stmt"/>
      <line num="5" count="1" type="stmt"/>
      <line num="6" count="1" type="stmt"/>
      <line num="7" count="1" type="stmt"/>
      <line num="8" count="1" type="cond" truecount="0" falsecount="2"/>
      <line num="9" count="1" type="stmt"/>
      <line num="10" count="1" type="stmt"/>
      <line num="11" count="1" type="stmt"/>
      <line num="12" count="1" type="stmt"/>
      <line num="13" count="1" type="stmt"/>
    </file>
  </project>
</coverage>
