{
  "/Users/victormiranda/CODE/devmemo/design-system/src/components/Typography/index.tsx": {
    "path": "/Users/victormiranda/CODE/devmemo/design-system/src/components/Typography/index.tsx",
    "all": false,
    "statementMap": {
      "0": {
        "start": { "line": 1, "column": 0 },
        "end": { "line": 1, "column": 28 }
      },
      "1": {
        "start": { "line": 2, "column": 0 },
        "end": { "line": 2, "column": 58 }
      },
      "2": {
        "start": { "line": 3, "column": 0 },
        "end": { "line": 3, "column": 4 }
      },
      "3": {
        "start": { "line": 4, "column": 0 },
        "end": { "line": 4, "column": 16 }
      },
      "4": {
        "start": { "line": 5, "column": 0 },
        "end": { "line": 5, "column": 7 }
      },
      "5": {
        "start": { "line": 6, "column": 0 },
        "end": { "line": 6, "column": 10 }
      },
      "6": {
        "start": { "line": 7, "column": 0 },
        "end": { "line": 7, "column": 37 }
      },
      "7": {
        "start": { "line": 8, "column": 0 },
        "end": { "line": 8, "column": 27 }
      },
      "8": {
        "start": { "line": 9, "column": 0 },
        "end": { "line": 9, "column": 10 }
      },
      "9": {
        "start": { "line": 10, "column": 0 },
        "end": { "line": 10, "column": 4 }
      },
      "10": {
        "start": { "line": 11, "column": 0 },
        "end": { "line": 11, "column": 2 }
      },
      "11": {
        "start": { "line": 12, "column": 0 },
        "end": { "line": 12, "column": 0 }
      },
      "12": {
        "start": { "line": 13, "column": 0 },
        "end": { "line": 13, "column": 26 }
      }
    },
    "s": {
      "0": 1,
      "1": 1,
      "2": 1,
      "3": 1,
      "4": 1,
      "5": 1,
      "6": 1,
      "7": 1,
      "8": 1,
      "9": 1,
      "10": 1,
      "11": 1,
      "12": 1
    },
    "branchMap": {
      "0": {
        "type": "branch",
        "line": 1,
        "loc": {
          "start": { "line": 1, "column": 27 },
          "end": { "line": 11, "column": 2 }
        },
        "locations": [
          {
            "start": { "line": 1, "column": 27 },
            "end": { "line": 11, "column": 2 }
          }
        ]
      },
      "1": {
        "type": "branch",
        "line": 8,
        "loc": {
          "start": { "line": 8, "column": 11 },
          "end": { "line": 8, "column": 27 }
        },
        "locations": [
          {
            "start": { "line": 8, "column": 11 },
            "end": { "line": 8, "column": 27 }
          }
        ]
      },
      "2": {
        "type": "branch",
        "line": 1,
        "loc": {
          "start": { "line": 1, "column": 27 },
          "end": { "line": 11, "column": 2 }
        },
        "locations": [
          {
            "start": { "line": 1, "column": 27 },
            "end": { "line": 11, "column": 2 }
          }
        ]
      },
      "3": {
        "type": "branch",
        "line": 8,
        "loc": {
          "start": { "line": 8, "column": 11 },
          "end": { "line": 8, "column": 27 }
        },
        "locations": [
          {
            "start": { "line": 8, "column": 11 },
            "end": { "line": 8, "column": 27 }
          }
        ]
      }
    },
    "b": { "0": [1], "1": [0], "2": [1], "3": [0] },
    "fnMap": {
      "0": {
        "name": "Typography",
        "decl": {
          "start": { "line": 1, "column": 27 },
          "end": { "line": 11, "column": 2 }
        },
        "loc": {
          "start": { "line": 1, "column": 27 },
          "end": { "line": 11, "column": 2 }
        },
        "line": 1
      },
      "1": {
        "name": "Typography",
        "decl": {
          "start": { "line": 1, "column": 27 },
          "end": { "line": 11, "column": 2 }
        },
        "loc": {
          "start": { "line": 1, "column": 27 },
          "end": { "line": 11, "column": 2 }
        },
        "line": 1
      },
      "2": {
        "name": "get",
        "decl": {
          "start": { "line": 11, "column": 1 },
          "end": { "line": 11, "column": 2 }
        },
        "loc": {
          "start": { "line": 11, "column": 1 },
          "end": { "line": 11, "column": 2 }
        },
        "line": 11
      },
      "3": {
        "name": "get",
        "decl": {
          "start": { "line": 11, "column": 1 },
          "end": { "line": 11, "column": 2 }
        },
        "loc": {
          "start": { "line": 11, "column": 1 },
          "end": { "line": 11, "column": 2 }
        },
        "line": 11
      }
    },
    "f": { "0": 1, "1": 1, "2": 0, "3": 0 }
  }
}
